<?xml version="1.0" encoding="UTF-8"?>
<!-- Generated by org.testng.reporters.JUnitReportReporter -->
<testsuite hostname="kartiks-MacBook-Pro.local" failures="0" tests="1" name="york.idenciaTestcase.TC_HomepageTest_002$TCHomepageTest_002" time="35.641" errors="0" timestamp="28 Jul 2023 10:32:44 GMT" skipped="0">
  <testcase classname="york.idenciaTestcase.TC_HomepageTest_002$TCHomepageTest_002" name="HomepageTest" time="35.641"/>
</testsuite> <!-- york.idenciaTestcase.TC_HomepageTest_002$TCHomepageTest_002 -->
