<?xml version="1.0" encoding="UTF-8"?>
<!-- Generated by org.testng.reporters.JUnitReportReporter -->
<testsuite hostname="192.168.1.9" failures="0" tests="1" name="york.idenciaTestcase.TC_HiCAMSSettings_003" time="154.374" errors="0" timestamp="04 Aug 2023 15:38:54 GMT" skipped="0">
  <testcase classname="york.idenciaTestcase.TC_HiCAMSSettings_003" name="HomepageTest" time="154.374"/>
</testsuite> <!-- york.idenciaTestcase.TC_HiCAMSSettings_003 -->
