<?xml version="1.0" encoding="UTF-8"?>
<!-- Generated by org.testng.reporters.JUnitReportReporter -->
<testsuite hostname="kartiks-MacBook-Pro.local" failures="0" tests="1" name="york.idenciaTestcase.TC_PrestressedPropPage_004" time="84.557" errors="0" timestamp="03 Aug 2023 07:42:29 GMT" skipped="0">
  <testcase classname="york.idenciaTestcase.TC_PrestressedPropPage_004" name="PrestressedPropPage" time="84.557"/>
</testsuite> <!-- york.idenciaTestcase.TC_PrestressedPropPage_004 -->
