<?xml version="1.0" encoding="UTF-8"?>
<!-- Generated by org.testng.reporters.JUnitReportReporter -->
<testsuite hostname="kartiks-MacBook-Pro.local" failures="0" tests="1" name="york.idenciaTestcase.TC_SigninTest_001$TCSigninTest_001" time="17.946" errors="0" timestamp="28 Jul 2023 07:31:10 GMT" skipped="0">
  <testcase classname="york.idenciaTestcase.TC_SigninTest_001$TCSigninTest_001" name="SigninTest" time="17.946"/>
</testsuite> <!-- york.idenciaTestcase.TC_SigninTest_001$TCSigninTest_001 -->
